<?xml version="1.0" encoding="UTF-8"?>
<!-- Generated by org.testng.reporters.JUnitReportReporter -->
<testsuite skipped="0" hostname="GOD11259" name="com.amazon.main.AmazonMain" tests="7" failures="0" timestamp="04 Sep 2018 11:51:34 GMT" time="129.108" errors="0">
  <testcase name="verifylogin" time="25.229" classname="com.amazon.main.AmazonMain"/>
  <testcase name="mousehover" time="29.291" classname="com.amazon.main.AmazonMain"/>
  <testcase name="searchproudctPage" time="17.954" classname="com.amazon.main.AmazonMain"/>
  <testcase name="searchproudctPage" time="40.332" classname="com.amazon.main.AmazonMain"/>
  <testcase name="cartPage" time="3.853" classname="com.amazon.main.AmazonMain"/>
  <testcase name="cartPage" time="3.320" classname="com.amazon.main.AmazonMain"/>
  <testcase name="productDelete" time="9.129" classname="com.amazon.main.AmazonMain"/>
</testsuite> <!-- com.amazon.main.AmazonMain -->
