<?xml version="1.0" encoding="UTF-8"?>
<!-- Generated by org.testng.reporters.JUnitReportReporter -->
<testsuite skipped="0" hostname="GOD11259" name="com.amazon.main.AmazonMain" tests="8" failures="0" timestamp="06 Sep 2018 12:29:09 GMT" time="147.514" errors="0">
  <testcase name="cartPage" time="3.519" classname="com.amazon.main.AmazonMain"/>
  <testcase name="mousehover" time="58.057" classname="com.amazon.main.AmazonMain"/>
  <testcase name="productDelete" time="8.269" classname="com.amazon.main.AmazonMain"/>
  <testcase name="searchproudctPage" time="14.457" classname="com.amazon.main.AmazonMain"/>
  <testcase name="cartPage" time="2.644" classname="com.amazon.main.AmazonMain"/>
  <testcase name="getcartDetails" time="2.834" classname="com.amazon.main.AmazonMain"/>
  <testcase name="searchproudctPage" time="41.463" classname="com.amazon.main.AmazonMain"/>
  <testcase name="verifylogin" time="16.271" classname="com.amazon.main.AmazonMain"/>
</testsuite> <!-- com.amazon.main.AmazonMain -->
