<?xml version="1.0" encoding="UTF-8"?>
<!-- Generated by org.testng.reporters.JUnitReportReporter -->
<testsuite skipped="0" hostname="HP-PC" name="com.amazon.testcases.AmazonMain" tests="5" failures="0" timestamp="03 Sep 2018 16:24:57 GMT" time="111.763" errors="0">
  <testcase name="verifylogin" time="25.208" classname="com.amazon.testcases.AmazonMain"/>
  <testcase name="proudctPage" time="22.021" classname="com.amazon.testcases.AmazonMain"/>
  <testcase name="mousehover" time="35.109" classname="com.amazon.testcases.AmazonMain"/>
  <testcase name="proudctPage" time="15.269" classname="com.amazon.testcases.AmazonMain"/>
  <testcase name="productDelete" time="14.156" classname="com.amazon.testcases.AmazonMain"/>
</testsuite> <!-- com.amazon.testcases.AmazonMain -->
