<?xml version="1.0" encoding="UTF-8"?>
<!-- Generated by org.testng.reporters.JUnitReportReporter -->
<testsuite skipped="0" hostname="GOD11259" name="com.amazon.main.AmazonMain" tests="1" failures="0" timestamp="07 Sep 2018 04:28:53 GMT" time="56.583" errors="0">
  <testcase name="mousehover" time="56.583" classname="com.amazon.main.AmazonMain"/>
</testsuite> <!-- com.amazon.main.AmazonMain -->
